<?xml version="1.0" encoding="UTF-8"?>
<!-- Generated by org.testng.reporters.JUnitReportReporter -->
<testsuite hostname="LAPTOP-2EQAN3L4" failures="0" tests="1" name="FetchCurrentDateTime" time="0.027" errors="0" timestamp="2021-05-31T09:26:42 IST" skipped="0">
  <testcase classname="FetchCurrentDateTime" name="getDateTime" time="0.027"/>
  <system-out/>
</testsuite> <!-- FetchCurrentDateTime -->
